{"ts":"2025-03-26T02:35:33.544Z","pid":"17541","sev":"debug","sourceName":"CLI","v":"Start building taco connector"}
{"ts":"2025-03-26T02:35:33.546Z","pid":"17541","sev":"debug","sourceName":"CLI","v":"Compiling app and handlers..."}
{"ts":"2025-03-26T02:35:33.549Z","pid":"17541","sev":"debug","sourceName":"CLI","v":"Compiling app with default parcel config at: /workspaces/Game-Telemetry-Tableau-Connector/connector/connector/node_modules/@tableau/taco-toolkit/node_modules/@parcel/config-default/index.json"}
{"ts":"2025-03-26T02:35:34.974Z","pid":"17541","sev":"debug","sourceName":"CLI","v":"Compiling handlers with default parcel config at: /workspaces/Game-Telemetry-Tableau-Connector/connector/connector/node_modules/@tableau/taco-toolkit/node_modules/@parcel/config-default/index.json"}
{"ts":"2025-03-26T02:35:35.500Z","pid":"17541","sev":"debug","sourceName":"CLI","v":"Successfully compiled app and handlers"}
{"ts":"2025-03-26T02:35:35.500Z","pid":"17541","sev":"debug","sourceName":"CLI","v":"Mounting connector.json..."}
{"ts":"2025-03-26T02:35:35.500Z","pid":"17541","sev":"debug","sourceName":"CLI","v":"Copying /workspaces/Game-Telemetry-Tableau-Connector/connector/connector/connector.json to /workspaces/Game-Telemetry-Tableau-Connector/connector/dist/app/connector.json, /workspaces/Game-Telemetry-Tableau-Connector/connector/dist/handlers/connector.json"}
{"ts":"2025-03-26T02:35:35.501Z","pid":"17541","sev":"debug","sourceName":"CLI","v":"Successfully mounted connector.json"}
{"ts":"2025-03-26T02:35:35.501Z","pid":"17541","sev":"debug","sourceName":"CLI","v":"Build succeeded!"}
{"ts":"2025-03-26T02:55:34.253Z","pid":"27030","sev":"debug","sourceName":"CLI","v":"Start building taco connector"}
{"ts":"2025-03-26T02:55:34.255Z","pid":"27030","sev":"debug","sourceName":"CLI","v":"Compiling app and handlers..."}
{"ts":"2025-03-26T02:55:34.256Z","pid":"27030","sev":"debug","sourceName":"CLI","v":"Compiling app with default parcel config at: /workspaces/Game-Telemetry-Tableau-Connector/connector/connector/node_modules/@tableau/taco-toolkit/node_modules/@parcel/config-default/index.json"}
{"ts":"2025-03-26T02:55:35.534Z","pid":"27030","sev":"debug","sourceName":"CLI","v":"Compiling handlers with default parcel config at: /workspaces/Game-Telemetry-Tableau-Connector/connector/connector/node_modules/@tableau/taco-toolkit/node_modules/@parcel/config-default/index.json"}
{"ts":"2025-03-26T02:55:35.996Z","pid":"27030","sev":"debug","sourceName":"CLI","v":"Successfully compiled app and handlers"}
{"ts":"2025-03-26T02:55:35.996Z","pid":"27030","sev":"debug","sourceName":"CLI","v":"Mounting connector.json..."}
{"ts":"2025-03-26T02:55:35.996Z","pid":"27030","sev":"debug","sourceName":"CLI","v":"Copying /workspaces/Game-Telemetry-Tableau-Connector/connector/connector/connector.json to /workspaces/Game-Telemetry-Tableau-Connector/connector/dist/app/connector.json, /workspaces/Game-Telemetry-Tableau-Connector/connector/dist/handlers/connector.json"}
{"ts":"2025-03-26T02:55:35.997Z","pid":"27030","sev":"debug","sourceName":"CLI","v":"Successfully mounted connector.json"}
{"ts":"2025-03-26T02:55:35.997Z","pid":"27030","sev":"debug","sourceName":"CLI","v":"Build succeeded!"}
{"ts":"2025-03-26T03:13:37.740Z","pid":"34755","sev":"debug","sourceName":"CLI","v":"Starting EPS..."}
{"ts":"2025-03-26T03:13:37.741Z","pid":"34755","sev":"debug","sourceName":"CLI","v":"Launching EPS with --caller-pid=34755,--caller-id=taco-start,--port-file=/workspaces/Game-Telemetry-Tableau-Connector/connector/.eps,--log-dir=/workspaces/Game-Telemetry-Tableau-Connector/connector/log,--feature-flags=EPSSupportgRPC:off,--inspect-brk"}
{"ts":"2025-03-26T03:13:38.150Z","pid":"34755","sev":"error","sourceName":"CLI","v":"Error occured in EPS. node:internal/modules/cjs/loader:1215   throw err;   ^  Error: Cannot find module 'google-protobuf' Require stack: - /workspaces/Game-Telemetry-Tableau-Connector/connector/connector/node_modules/@tableau/taco-toolkit/dist/eps/main/api/grpc/proto/build/eps_pb.js - /workspaces/Game-Telemetry-Tableau-Connector/connector/connector/node_modules/@tableau/taco-toolkit/dist/eps/main/api/grpc/proto/build/eps_grpc_pb.js - /workspaces/Game-Telemetry-Tableau-Connector/connector/connector/node_modules/@tableau/taco-toolkit/dist/eps/main/api/grpc/server/grpc-server.js - /workspaces/Game-Telemetry-Tableau-Connector/connector/connector/node_modules/@tableau/taco-toolkit/dist/eps/main/core/eps-app.js - /workspaces/Game-Telemetry-Tableau-Connector/connector/connector/node_modules/@tableau/taco-toolkit/dist/eps/main/core/main.js     at Module._resolveFilename (node:internal/modules/cjs/loader:1212:15)     at Module._load (node:internal/modules/cjs/loader:1043:27)     at Module.require (node:internal/modules/cjs/loader:1298:19)     at require (node:internal/modules/helpers:182:18)     at Object.<anonymous> (/workspaces/Game-Telemetry-Tableau-Connector/connector/connector/node_modules/@tableau/taco-toolkit/dist/eps/main/api/grpc/proto/build/eps_pb.js:14:12)     at Module._compile (node:internal/modules/cjs/loader:1529:14)     at Module._extensions..js (node:internal/modules/cjs/loader:1613:10)     at Module.load (node:internal/modules/cjs/loader:1275:32)     at Module._load (node:internal/modules/cjs/loader:1096:12)     at Module.require (node:internal/modules/cjs/loader:1298:19) {   code: 'MODULE_NOT_FOUND',   requireStack: [     '/workspaces/Game-Telemetry-Tableau-Connector/connector/connector/node_modules/@tableau/taco-toolkit/dist/eps/main/api/grpc/proto/build/eps_pb.js',     '/workspaces/Game-Telemetry-Tableau-Connector/connector/connector/node_modules/@tableau/taco-toolkit/dist/eps/main/api/grpc/proto/build/eps_grpc_pb.js',     '/workspaces/Game-Telemetry-Tableau-Connector/connector/connector/node_modules/@tableau/taco-toolkit/dist/eps/main/api/grpc/server/grpc-server.js',     '/workspaces/Game-Telemetry-Tableau-Connector/connector/connector/node_modules/@tableau/taco-toolkit/dist/eps/main/core/eps-app.js',     '/workspaces/Game-Telemetry-Tableau-Connector/connector/connector/node_modules/@tableau/taco-toolkit/dist/eps/main/core/main.js'   ] }  Node.js v20.19.0 "}
{"ts":"2025-03-26T03:14:07.765Z","pid":"34755","sev":"debug","sourceName":"CLI","v":"Failed to start EPS"}
{"ts":"2025-03-26T03:15:47.848Z","pid":"35905","sev":"debug","sourceName":"CLI","v":"Start building taco connector"}
{"ts":"2025-03-26T03:15:47.850Z","pid":"35905","sev":"debug","sourceName":"CLI","v":"Compiling app and handlers..."}
{"ts":"2025-03-26T03:15:47.851Z","pid":"35905","sev":"debug","sourceName":"CLI","v":"Compiling app with default parcel config at: /workspaces/Game-Telemetry-Tableau-Connector/connector/connector/node_modules/@tableau/taco-toolkit/node_modules/@parcel/config-default/index.json"}
{"ts":"2025-03-26T03:15:49.153Z","pid":"35905","sev":"debug","sourceName":"CLI","v":"Compiling handlers with default parcel config at: /workspaces/Game-Telemetry-Tableau-Connector/connector/connector/node_modules/@tableau/taco-toolkit/node_modules/@parcel/config-default/index.json"}
{"ts":"2025-03-26T03:15:49.616Z","pid":"35905","sev":"debug","sourceName":"CLI","v":"Successfully compiled app and handlers"}
{"ts":"2025-03-26T03:15:49.616Z","pid":"35905","sev":"debug","sourceName":"CLI","v":"Mounting connector.json..."}
{"ts":"2025-03-26T03:15:49.617Z","pid":"35905","sev":"debug","sourceName":"CLI","v":"Copying /workspaces/Game-Telemetry-Tableau-Connector/connector/connector/connector.json to /workspaces/Game-Telemetry-Tableau-Connector/connector/dist/app/connector.json, /workspaces/Game-Telemetry-Tableau-Connector/connector/dist/handlers/connector.json"}
{"ts":"2025-03-26T03:15:49.617Z","pid":"35905","sev":"debug","sourceName":"CLI","v":"Successfully mounted connector.json"}
{"ts":"2025-03-26T03:15:49.617Z","pid":"35905","sev":"debug","sourceName":"CLI","v":"Build succeeded!"}
{"ts":"2025-03-26T03:43:52.217Z","pid":"49816","sev":"debug","sourceName":"CLI","v":"Start building taco connector"}
{"ts":"2025-03-26T03:43:52.218Z","pid":"49816","sev":"debug","sourceName":"CLI","v":"Compiling app and handlers..."}
{"ts":"2025-03-26T03:43:52.219Z","pid":"49816","sev":"debug","sourceName":"CLI","v":"Compiling app with default parcel config at: /workspaces/Game-Telemetry-Tableau-Connector/connector/connector/node_modules/@tableau/taco-toolkit/node_modules/@parcel/config-default/index.json"}
{"ts":"2025-03-26T03:43:53.595Z","pid":"49816","sev":"debug","sourceName":"CLI","v":"Compiling handlers with default parcel config at: /workspaces/Game-Telemetry-Tableau-Connector/connector/connector/node_modules/@tableau/taco-toolkit/node_modules/@parcel/config-default/index.json"}
{"ts":"2025-03-26T03:43:54.086Z","pid":"49816","sev":"debug","sourceName":"CLI","v":"Successfully compiled app and handlers"}
{"ts":"2025-03-26T03:43:54.087Z","pid":"49816","sev":"debug","sourceName":"CLI","v":"Mounting connector.json..."}
{"ts":"2025-03-26T03:43:54.087Z","pid":"49816","sev":"debug","sourceName":"CLI","v":"Copying /workspaces/Game-Telemetry-Tableau-Connector/connector/connector/connector.json to /workspaces/Game-Telemetry-Tableau-Connector/connector/dist/app/connector.json, /workspaces/Game-Telemetry-Tableau-Connector/connector/dist/handlers/connector.json"}
{"ts":"2025-03-26T03:43:54.087Z","pid":"49816","sev":"debug","sourceName":"CLI","v":"Successfully mounted connector.json"}
{"ts":"2025-03-26T03:43:54.088Z","pid":"49816","sev":"debug","sourceName":"CLI","v":"Build succeeded!"}
{"ts":"2025-03-26T03:43:59.695Z","pid":"49988","sev":"debug","sourceName":"CLI","v":"Start building taco connector"}
{"ts":"2025-03-26T03:43:59.696Z","pid":"49988","sev":"debug","sourceName":"CLI","v":"Compiling app and handlers..."}
{"ts":"2025-03-26T03:43:59.697Z","pid":"49988","sev":"debug","sourceName":"CLI","v":"Compiling app with default parcel config at: /workspaces/Game-Telemetry-Tableau-Connector/connector/connector/node_modules/@tableau/taco-toolkit/node_modules/@parcel/config-default/index.json"}
{"ts":"2025-03-26T03:44:00.965Z","pid":"49988","sev":"debug","sourceName":"CLI","v":"Compiling handlers with default parcel config at: /workspaces/Game-Telemetry-Tableau-Connector/connector/connector/node_modules/@tableau/taco-toolkit/node_modules/@parcel/config-default/index.json"}
{"ts":"2025-03-26T03:44:01.472Z","pid":"49988","sev":"debug","sourceName":"CLI","v":"Successfully compiled app and handlers"}
{"ts":"2025-03-26T03:44:01.472Z","pid":"49988","sev":"debug","sourceName":"CLI","v":"Mounting connector.json..."}
{"ts":"2025-03-26T03:44:01.472Z","pid":"49988","sev":"debug","sourceName":"CLI","v":"Copying /workspaces/Game-Telemetry-Tableau-Connector/connector/connector/connector.json to /workspaces/Game-Telemetry-Tableau-Connector/connector/dist/app/connector.json, /workspaces/Game-Telemetry-Tableau-Connector/connector/dist/handlers/connector.json"}
{"ts":"2025-03-26T03:44:01.473Z","pid":"49988","sev":"debug","sourceName":"CLI","v":"Successfully mounted connector.json"}
{"ts":"2025-03-26T03:44:01.473Z","pid":"49988","sev":"debug","sourceName":"CLI","v":"Build succeeded!"}
{"ts":"2025-03-26T03:49:04.284Z","pid":"52297","sev":"debug","sourceName":"CLI","v":"Start building taco connector"}
{"ts":"2025-03-26T03:49:04.286Z","pid":"52297","sev":"debug","sourceName":"CLI","v":"Compiling app and handlers..."}
{"ts":"2025-03-26T03:49:04.287Z","pid":"52297","sev":"debug","sourceName":"CLI","v":"Compiling app with default parcel config at: /workspaces/Game-Telemetry-Tableau-Connector/connector/connector/node_modules/@tableau/taco-toolkit/node_modules/@parcel/config-default/index.json"}
{"ts":"2025-03-26T03:49:05.592Z","pid":"52297","sev":"debug","sourceName":"CLI","v":"Compiling handlers with default parcel config at: /workspaces/Game-Telemetry-Tableau-Connector/connector/connector/node_modules/@tableau/taco-toolkit/node_modules/@parcel/config-default/index.json"}
{"ts":"2025-03-26T03:49:06.058Z","pid":"52297","sev":"debug","sourceName":"CLI","v":"Successfully compiled app and handlers"}
{"ts":"2025-03-26T03:49:06.058Z","pid":"52297","sev":"debug","sourceName":"CLI","v":"Mounting connector.json..."}
{"ts":"2025-03-26T03:49:06.058Z","pid":"52297","sev":"debug","sourceName":"CLI","v":"Copying /workspaces/Game-Telemetry-Tableau-Connector/connector/connector/connector.json to /workspaces/Game-Telemetry-Tableau-Connector/connector/dist/app/connector.json, /workspaces/Game-Telemetry-Tableau-Connector/connector/dist/handlers/connector.json"}
{"ts":"2025-03-26T03:49:06.060Z","pid":"52297","sev":"debug","sourceName":"CLI","v":"Successfully mounted connector.json"}
{"ts":"2025-03-26T03:49:06.060Z","pid":"52297","sev":"debug","sourceName":"CLI","v":"Build succeeded!"}
{"ts":"2025-03-26T03:49:36.727Z","pid":"52704","sev":"debug","sourceName":"CLI","v":"Start building taco connector"}
{"ts":"2025-03-26T03:49:36.729Z","pid":"52704","sev":"debug","sourceName":"CLI","v":"Compiling app and handlers..."}
{"ts":"2025-03-26T03:49:36.729Z","pid":"52704","sev":"debug","sourceName":"CLI","v":"Compiling app with default parcel config at: /workspaces/Game-Telemetry-Tableau-Connector/connector/connector/node_modules/@tableau/taco-toolkit/node_modules/@parcel/config-default/index.json"}
{"ts":"2025-03-26T03:49:37.994Z","pid":"52704","sev":"debug","sourceName":"CLI","v":"Compiling handlers with default parcel config at: /workspaces/Game-Telemetry-Tableau-Connector/connector/connector/node_modules/@tableau/taco-toolkit/node_modules/@parcel/config-default/index.json"}
{"ts":"2025-03-26T03:49:38.664Z","pid":"52704","sev":"debug","sourceName":"CLI","v":"Successfully compiled app and handlers"}
{"ts":"2025-03-26T03:49:38.664Z","pid":"52704","sev":"debug","sourceName":"CLI","v":"Mounting connector.json..."}
{"ts":"2025-03-26T03:49:38.664Z","pid":"52704","sev":"debug","sourceName":"CLI","v":"Copying /workspaces/Game-Telemetry-Tableau-Connector/connector/connector/connector.json to /workspaces/Game-Telemetry-Tableau-Connector/connector/dist/app/connector.json, /workspaces/Game-Telemetry-Tableau-Connector/connector/dist/handlers/connector.json"}
{"ts":"2025-03-26T03:49:38.665Z","pid":"52704","sev":"debug","sourceName":"CLI","v":"Successfully mounted connector.json"}
{"ts":"2025-03-26T03:49:38.666Z","pid":"52704","sev":"debug","sourceName":"CLI","v":"Build succeeded!"}
